<?xml version="1.0" encoding="UTF-8"?>
<!-- Generated by org.testng.reporters.JUnitXMLReporter -->
<testsuite hostname="DESKTOP-J82A1G4" ignored="0" name="Default test" tests="4" failures="0" timestamp="28 Jul 2020 20:39:40 GMT" time="33.131" errors="0">
  <testcase name="tc1" time="0.292" classname="org.isgn.testing.Indecomm"/>
  <testcase name="tc2" time="0.154" classname="org.isgn.testing.Indecomm"/>
  <testcase name="tc3" time="0.148" classname="org.isgn.testing.Indecomm"/>
  <testcase name="tc4" time="12.051" classname="org.isgn.testing.Indecomm"/>
</testsuite> <!-- Default test -->
