<?xml version="1.0" encoding="UTF-8"?>
<testng-results skipped="0" failed="0" ignored="0" total="4" passed="4">
  <reporter-output>
  </reporter-output>
  <suite name="Default suite" duration-ms="33131" started-at="2020-07-28T20:39:07Z" finished-at="2020-07-28T20:39:40Z">
    <groups>
    </groups>
    <test name="Default test" duration-ms="33131" started-at="2020-07-28T20:39:07Z" finished-at="2020-07-28T20:39:40Z">
      <class name="org.isgn.testing.Indecomm">
        <test-method status="PASS" signature="launchBrowser()[pri:0, instance:org.isgn.testing.Indecomm@68be2bc2]" name="launchBrowser" is-config="true" duration-ms="19673" started-at="2020-07-28T16:39:07Z" finished-at="2020-07-28T16:39:26Z">
          <reporter-output>
          </reporter-output>
        </test-method> <!-- launchBrowser -->
        <test-method status="PASS" signature="startTime()[pri:0, instance:org.isgn.testing.Indecomm@68be2bc2]" name="startTime" is-config="true" duration-ms="4" started-at="2020-07-28T16:39:26Z" finished-at="2020-07-28T16:39:26Z">
          <reporter-output>
          </reporter-output>
        </test-method> <!-- startTime -->
        <test-method status="PASS" signature="tc1()[pri:0, instance:org.isgn.testing.Indecomm@68be2bc2]" name="tc1" duration-ms="292" started-at="2020-07-28T16:39:26Z" finished-at="2020-07-28T16:39:27Z">
          <reporter-output>
          </reporter-output>
        </test-method> <!-- tc1 -->
        <test-method status="PASS" signature="endTime()[pri:0, instance:org.isgn.testing.Indecomm@68be2bc2]" name="endTime" is-config="true" duration-ms="8" started-at="2020-07-28T16:39:27Z" finished-at="2020-07-28T16:39:27Z">
          <reporter-output>
          </reporter-output>
        </test-method> <!-- endTime -->
        <test-method status="PASS" signature="startTime()[pri:0, instance:org.isgn.testing.Indecomm@68be2bc2]" name="startTime" is-config="true" duration-ms="1" started-at="2020-07-28T16:39:27Z" finished-at="2020-07-28T16:39:27Z">
          <reporter-output>
          </reporter-output>
        </test-method> <!-- startTime -->
        <test-method status="PASS" signature="tc2()[pri:0, instance:org.isgn.testing.Indecomm@68be2bc2]" name="tc2" duration-ms="154" started-at="2020-07-28T16:39:27Z" finished-at="2020-07-28T16:39:27Z">
          <reporter-output>
          </reporter-output>
        </test-method> <!-- tc2 -->
        <test-method status="PASS" signature="endTime()[pri:0, instance:org.isgn.testing.Indecomm@68be2bc2]" name="endTime" is-config="true" duration-ms="1" started-at="2020-07-28T16:39:27Z" finished-at="2020-07-28T16:39:27Z">
          <reporter-output>
          </reporter-output>
        </test-method> <!-- endTime -->
        <test-method status="PASS" signature="startTime()[pri:0, instance:org.isgn.testing.Indecomm@68be2bc2]" name="startTime" is-config="true" duration-ms="1" started-at="2020-07-28T16:39:27Z" finished-at="2020-07-28T16:39:27Z">
          <reporter-output>
          </reporter-output>
        </test-method> <!-- startTime -->
        <test-method status="PASS" signature="tc3()[pri:0, instance:org.isgn.testing.Indecomm@68be2bc2]" name="tc3" duration-ms="148" started-at="2020-07-28T16:39:27Z" finished-at="2020-07-28T16:39:27Z">
          <reporter-output>
          </reporter-output>
        </test-method> <!-- tc3 -->
        <test-method status="PASS" signature="endTime()[pri:0, instance:org.isgn.testing.Indecomm@68be2bc2]" name="endTime" is-config="true" duration-ms="0" started-at="2020-07-28T16:39:27Z" finished-at="2020-07-28T16:39:27Z">
          <reporter-output>
          </reporter-output>
        </test-method> <!-- endTime -->
        <test-method status="PASS" signature="startTime()[pri:0, instance:org.isgn.testing.Indecomm@68be2bc2]" name="startTime" is-config="true" duration-ms="1" started-at="2020-07-28T16:39:27Z" finished-at="2020-07-28T16:39:27Z">
          <reporter-output>
          </reporter-output>
        </test-method> <!-- startTime -->
        <test-method status="PASS" signature="tc4()[pri:0, instance:org.isgn.testing.Indecomm@68be2bc2]" name="tc4" duration-ms="12051" started-at="2020-07-28T16:39:27Z" finished-at="2020-07-28T16:39:39Z">
          <reporter-output>
          </reporter-output>
        </test-method> <!-- tc4 -->
        <test-method status="PASS" signature="endTime()[pri:0, instance:org.isgn.testing.Indecomm@68be2bc2]" name="endTime" is-config="true" duration-ms="0" started-at="2020-07-28T16:39:39Z" finished-at="2020-07-28T16:39:39Z">
          <reporter-output>
          </reporter-output>
        </test-method> <!-- endTime -->
        <test-method status="PASS" signature="quitBrowser()[pri:0, instance:org.isgn.testing.Indecomm@68be2bc2]" name="quitBrowser" is-config="true" duration-ms="773" started-at="2020-07-28T16:39:39Z" finished-at="2020-07-28T16:39:40Z">
          <reporter-output>
          </reporter-output>
        </test-method> <!-- quitBrowser -->
      </class> <!-- org.isgn.testing.Indecomm -->
    </test> <!-- Default test -->
  </suite> <!-- Default suite -->
</testng-results>
